<?xml version="1.0" encoding="UTF-8"?>
<!-- Generated by org.testng.reporters.JUnitReportReporter -->
<testsuite hostname="DESKTOP-FSSL81L" failures="0" tests="3" name="customstatmnt.Testcustomised" time="52.545" errors="0" timestamp="2022-02-22T17:29:40 IST" skipped="0">
  <testcase classname="customstatmnt.Testcustomised" name="login" time="3.715"/>
  <system-out/>
  <testcase classname="customstatmnt.Testcustomised" name="mngr" time="1.520"/>
  <system-out/>
  <testcase classname="customstatmnt.Testcustomised" name="statmnt" time="47.310"/>
  <system-out/>
</testsuite> <!-- customstatmnt.Testcustomised -->
