<?xml version="1.0" encoding="UTF-8"?>
<!-- Generated by org.testng.reporters.JUnitReportReporter -->
<testsuite hostname="DESKTOP-L5GVAI8" failures="0" tests="6" name="EditAccountTest_Scenario.GTPL_Test" time="16.248" errors="0" timestamp="2022-02-22T18:05:52 IST" skipped="0">
  <testcase classname="EditAccountTest_Scenario.GTPL_Test" name="user" time="0.377"/>
  <system-out/>
  <testcase classname="EditAccountTest_Scenario.GTPL_Test" name="passWord" time="1.626"/>
  <system-out/>
  <testcase classname="EditAccountTest_Scenario.GTPL_Test" name="checkTheUrl" time="0.158"/>
  <system-out/>
  <testcase classname="EditAccountTest_Scenario.GTPL_Test" name="clickEditAccount" time="2.583"/>
  <system-out/>
  <testcase classname="EditAccountTest_Scenario.GTPL_Test" name="editPageDetails" time="0.585"/>
  <system-out/>
  <testcase classname="EditAccountTest_Scenario.GTPL_Test" name="editAccountPage" time="10.919"/>
  <system-out/>
</testsuite> <!-- EditAccountTest_Scenario.GTPL_Test -->
