<?xml version="1.0" encoding="UTF-8"?>
<!-- Generated by org.testng.reporters.JUnitReportReporter -->
<testsuite hostname="DESKTOP-GAHM23E" failures="0" tests="12" name="test.TestGTPLEdit" time="31.248" errors="0" timestamp="2022-02-22T16:56:35 IST" skipped="0">
  <testcase classname="test.TestGTPLEdit" name="loginPageTitleTest" time="0.030"/>
  <system-out/>
  <testcase classname="test.TestGTPLEdit" name="EnterCredentialsTest" time="0.566"/>
  <system-out/>
  <testcase classname="test.TestGTPLEdit" name="submitCredentialsTest" time="2.120"/>
  <system-out/>
  <testcase classname="test.TestGTPLEdit" name="homePageTitleTest" time="0.014"/>
  <system-out/>
  <testcase classname="test.TestGTPLEdit" name="editCustomerMenuTest" time="3.099"/>
  <system-out/>
  <testcase classname="test.TestGTPLEdit" name="editCustomerPageTitleTest" time="0.013"/>
  <system-out/>
  <testcase classname="test.TestGTPLEdit" name="editCustomerFormTitleTest" time="0.100"/>
  <system-out/>
  <testcase classname="test.TestGTPLEdit" name="customerIDTitleAndInputTest" time="0.559"/>
  <system-out/>
  <testcase classname="test.TestGTPLEdit" name="SubmitButtonTest" time="1.150"/>
  <system-out/>
  <testcase classname="test.TestGTPLEdit" name="ResetButtonTest" time="0.517"/>
  <system-out/>
  <testcase classname="test.TestGTPLEdit" name="inputFormatTest" time="22.281"/>
  <system-out/>
  <testcase classname="test.TestGTPLEdit" name="HomeLinkTest" time="0.799"/>
  <system-out/>
</testsuite> <!-- test.TestGTPLEdit -->
