<?xml version="1.0" encoding="UTF-8"?>
<!-- Generated by org.testng.reporters.JUnitReportReporter -->
<testsuite hostname="LAPTOP-9AMLQAV6" failures="0" tests="3" name="Test.Gtpltest" time="9.502" errors="0" timestamp="2022-02-22T17:28:40 IST" skipped="0">
  <testcase classname="Test.Gtpltest" name="emailtest" time="3.170"/>
  <system-out/>
  <testcase classname="Test.Gtpltest" name="searchtest" time="4.432"/>
  <system-out/>
  <testcase classname="Test.Gtpltest" name="Newaccounttest" time="1.900"/>
  <system-out/>
</testsuite> <!-- Test.Gtpltest -->
